2014-09-16 21:40:20.828 Brady World[2327:70b] Multi-tasking -> Device: YES, App: YES
2014-09-16 21:40:20.865 Brady World[2327:70b] Unlimited access to network resources
2014-09-16 21:40:20.877 Brady World[2327:70b] 

Started backup to iCloud! Please be careful.
Your application might rejected by Apple if you store too much data.
For more information please read "iOS Data Storage Guidelines"
You could find it at the following address https://developer.apple.com/icloud/documentation/data-storage/ .

2014-09-16 21:40:21.228 Brady World[2327:70b] Resetting plugins due to page load.
2014-09-16 21:40:21.380 Brady World[2327:70b] Finished load of: file:///Users/bradylewis/Library/Application%20Support/iPhone%20Simulator/7.1/Applications/0BE43F3B-AA56-4BA6-9025-E233B28825ED/Brady%20World.app/www/index.html
Terminating in response to SpringBoard's termination.
2014-09-16 21:54:36.187 Brady World[2492:70b] Multi-tasking -> Device: YES, App: YES
2014-09-16 21:54:36.199 Brady World[2492:70b] Unlimited access to network resources
2014-09-16 21:54:36.203 Brady World[2492:70b] 

Started backup to iCloud! Please be careful.
Your application might rejected by Apple if you store too much data.
For more information please read "iOS Data Storage Guidelines"
You could find it at the following address https://developer.apple.com/icloud/documentation/data-storage/ .

2014-09-16 21:54:36.363 Brady World[2492:70b] Resetting plugins due to page load.
2014-09-16 21:54:36.423 Brady World[2492:70b] Finished load of: file:///Users/bradylewis/Library/Application%20Support/iPhone%20Simulator/7.1/Applications/0BE43F3B-AA56-4BA6-9025-E233B28825ED/Brady%20World.app/www/index.html
Terminating in response to SpringBoard's termination.
2014-09-16 21:59:53.084 Brady World[2621:70b] Multi-tasking -> Device: YES, App: YES
2014-09-16 21:59:53.095 Brady World[2621:70b] Unlimited access to network resources
2014-09-16 21:59:53.098 Brady World[2621:70b] 

Started backup to iCloud! Please be careful.
Your application might rejected by Apple if you store too much data.
For more information please read "iOS Data Storage Guidelines"
You could find it at the following address https://developer.apple.com/icloud/documentation/data-storage/ .

2014-09-16 21:59:53.253 Brady World[2621:70b] Resetting plugins due to page load.
2014-09-16 21:59:53.307 Brady World[2621:70b] Finished load of: file:///Users/bradylewis/Library/Application%20Support/iPhone%20Simulator/7.1/Applications/0BE43F3B-AA56-4BA6-9025-E233B28825ED/Brady%20World.app/www/index.html
2014-09-16 22:00:35.808 Brady World[2767:70b] Multi-tasking -> Device: YES, App: YES
2014-09-16 22:00:35.819 Brady World[2767:70b] Unlimited access to network resources
2014-09-16 22:00:35.822 Brady World[2767:70b] 

Started backup to iCloud! Please be careful.
Your application might rejected by Apple if you store too much data.
For more information please read "iOS Data Storage Guidelines"
You could find it at the following address https://developer.apple.com/icloud/documentation/data-storage/ .

2014-09-16 22:00:35.974 Brady World[2767:70b] Resetting plugins due to page load.
2014-09-16 22:00:36.018 Brady World[2767:70b] Finished load of: file:///Users/bradylewis/Library/Application%20Support/iPhone%20Simulator/7.1/Applications/0BE43F3B-AA56-4BA6-9025-E233B28825ED/Brady%20World.app/www/index.html
2014-09-16 22:01:23.125 Brady World[2874:70b] Multi-tasking -> Device: YES, App: YES
2014-09-16 22:01:23.136 Brady World[2874:70b] Unlimited access to network resources
2014-09-16 22:01:23.139 Brady World[2874:70b] 

Started backup to iCloud! Please be careful.
Your application might rejected by Apple if you store too much data.
For more information please read "iOS Data Storage Guidelines"
You could find it at the following address https://developer.apple.com/icloud/documentation/data-storage/ .

2014-09-16 22:01:23.292 Brady World[2874:70b] Resetting plugins due to page load.
2014-09-16 22:01:23.360 Brady World[2874:70b] Finished load of: file:///Users/bradylewis/Library/Application%20Support/iPhone%20Simulator/7.1/Applications/0BE43F3B-AA56-4BA6-9025-E233B28825ED/Brady%20World.app/www/index.html
2014-09-16 22:02:07.235 Brady World[2979:70b] Multi-tasking -> Device: YES, App: YES
2014-09-16 22:02:07.246 Brady World[2979:70b] Unlimited access to network resources
2014-09-16 22:02:07.250 Brady World[2979:70b] 

Started backup to iCloud! Please be careful.
Your application might rejected by Apple if you store too much data.
For more information please read "iOS Data Storage Guidelines"
You could find it at the following address https://developer.apple.com/icloud/documentation/data-storage/ .

2014-09-16 22:02:07.411 Brady World[2979:70b] Resetting plugins due to page load.
2014-09-16 22:02:07.457 Brady World[2979:70b] Finished load of: file:///Users/bradylewis/Library/Application%20Support/iPhone%20Simulator/7.1/Applications/0BE43F3B-AA56-4BA6-9025-E233B28825ED/Brady%20World.app/www/index.html
2014-09-16 22:04:08.657 Brady World[3093:70b] Multi-tasking -> Device: YES, App: YES
2014-09-16 22:04:08.671 Brady World[3093:70b] Unlimited access to network resources
2014-09-16 22:04:08.674 Brady World[3093:70b] 

Started backup to iCloud! Please be careful.
Your application might rejected by Apple if you store too much data.
For more information please read "iOS Data Storage Guidelines"
You could find it at the following address https://developer.apple.com/icloud/documentation/data-storage/ .

2014-09-16 22:04:08.835 Brady World[3093:70b] Resetting plugins due to page load.
2014-09-16 22:04:08.880 Brady World[3093:70b] Finished load of: file:///Users/bradylewis/Library/Application%20Support/iPhone%20Simulator/7.1/Applications/0BE43F3B-AA56-4BA6-9025-E233B28825ED/Brady%20World.app/www/index.html
2014-09-16 22:06:02.189 Brady World[3203:70b] Multi-tasking -> Device: YES, App: YES
2014-09-16 22:06:02.201 Brady World[3203:70b] Unlimited access to network resources
2014-09-16 22:06:02.204 Brady World[3203:70b] 

Started backup to iCloud! Please be careful.
Your application might rejected by Apple if you store too much data.
For more information please read "iOS Data Storage Guidelines"
You could find it at the following address https://developer.apple.com/icloud/documentation/data-storage/ .

2014-09-16 22:06:02.359 Brady World[3203:70b] Resetting plugins due to page load.
2014-09-16 22:06:02.409 Brady World[3203:70b] Finished load of: file:///Users/bradylewis/Library/Application%20Support/iPhone%20Simulator/7.1/Applications/0BE43F3B-AA56-4BA6-9025-E233B28825ED/Brady%20World.app/www/index.html
2014-09-16 22:07:02.448 Brady World[3308:70b] Multi-tasking -> Device: YES, App: YES
2014-09-16 22:07:02.459 Brady World[3308:70b] Unlimited access to network resources
2014-09-16 22:07:02.462 Brady World[3308:70b] 

Started backup to iCloud! Please be careful.
Your application might rejected by Apple if you store too much data.
For more information please read "iOS Data Storage Guidelines"
You could find it at the following address https://developer.apple.com/icloud/documentation/data-storage/ .

2014-09-16 22:07:02.647 Brady World[3308:70b] Resetting plugins due to page load.
2014-09-16 22:07:02.696 Brady World[3308:70b] Finished load of: file:///Users/bradylewis/Library/Application%20Support/iPhone%20Simulator/7.1/Applications/0BE43F3B-AA56-4BA6-9025-E233B28825ED/Brady%20World.app/www/index.html
2014-09-16 22:26:43.139 Brady World[3467:70b] Multi-tasking -> Device: YES, App: YES
2014-09-16 22:26:43.150 Brady World[3467:70b] Unlimited access to network resources
2014-09-16 22:26:43.154 Brady World[3467:70b] 

Started backup to iCloud! Please be careful.
Your application might rejected by Apple if you store too much data.
For more information please read "iOS Data Storage Guidelines"
You could find it at the following address https://developer.apple.com/icloud/documentation/data-storage/ .

2014-09-16 22:26:43.307 Brady World[3467:70b] Resetting plugins due to page load.
2014-09-16 22:26:43.398 Brady World[3467:70b] Finished load of: file:///Users/bradylewis/Library/Application%20Support/iPhone%20Simulator/7.1/Applications/0BE43F3B-AA56-4BA6-9025-E233B28825ED/Brady%20World.app/www/index.html
Terminating in response to SpringBoard's termination.
2014-09-16 22:28:44.262 Brady World[3586:70b] Multi-tasking -> Device: YES, App: YES
2014-09-16 22:28:44.273 Brady World[3586:70b] Unlimited access to network resources
2014-09-16 22:28:44.276 Brady World[3586:70b] 

Started backup to iCloud! Please be careful.
Your application might rejected by Apple if you store too much data.
For more information please read "iOS Data Storage Guidelines"
You could find it at the following address https://developer.apple.com/icloud/documentation/data-storage/ .

2014-09-16 22:28:44.438 Brady World[3586:70b] Resetting plugins due to page load.
2014-09-16 22:28:44.489 Brady World[3586:70b] Finished load of: file:///Users/bradylewis/Library/Application%20Support/iPhone%20Simulator/7.1/Applications/0BE43F3B-AA56-4BA6-9025-E233B28825ED/Brady%20World.app/www/index.html
2014-09-16 22:29:57.150 Brady World[3693:70b] Multi-tasking -> Device: YES, App: YES
2014-09-16 22:29:57.162 Brady World[3693:70b] Unlimited access to network resources
2014-09-16 22:29:57.166 Brady World[3693:70b] 

Started backup to iCloud! Please be careful.
Your application might rejected by Apple if you store too much data.
For more information please read "iOS Data Storage Guidelines"
You could find it at the following address https://developer.apple.com/icloud/documentation/data-storage/ .

2014-09-16 22:29:57.316 Brady World[3693:70b] Resetting plugins due to page load.
2014-09-16 22:29:57.364 Brady World[3693:70b] Finished load of: file:///Users/bradylewis/Library/Application%20Support/iPhone%20Simulator/7.1/Applications/0BE43F3B-AA56-4BA6-9025-E233B28825ED/Brady%20World.app/www/index.html
2014-09-16 22:30:57.135 Brady World[3797:70b] Multi-tasking -> Device: YES, App: YES
2014-09-16 22:30:57.147 Brady World[3797:70b] Unlimited access to network resources
2014-09-16 22:30:57.151 Brady World[3797:70b] 

Started backup to iCloud! Please be careful.
Your application might rejected by Apple if you store too much data.
For more information please read "iOS Data Storage Guidelines"
You could find it at the following address https://developer.apple.com/icloud/documentation/data-storage/ .

2014-09-16 22:30:57.320 Brady World[3797:70b] Resetting plugins due to page load.
2014-09-16 22:30:57.367 Brady World[3797:70b] Finished load of: file:///Users/bradylewis/Library/Application%20Support/iPhone%20Simulator/7.1/Applications/0BE43F3B-AA56-4BA6-9025-E233B28825ED/Brady%20World.app/www/index.html
2014-09-16 22:33:13.144 Brady World[3915:70b] Multi-tasking -> Device: YES, App: YES
2014-09-16 22:33:13.156 Brady World[3915:70b] Unlimited access to network resources
2014-09-16 22:33:13.162 Brady World[3915:70b] 

Started backup to iCloud! Please be careful.
Your application might rejected by Apple if you store too much data.
For more information please read "iOS Data Storage Guidelines"
You could find it at the following address https://developer.apple.com/icloud/documentation/data-storage/ .

2014-09-16 22:33:13.316 Brady World[3915:70b] Resetting plugins due to page load.
2014-09-16 22:33:13.361 Brady World[3915:70b] Finished load of: file:///Users/bradylewis/Library/Application%20Support/iPhone%20Simulator/7.1/Applications/0BE43F3B-AA56-4BA6-9025-E233B28825ED/Brady%20World.app/www/index.html
2014-09-16 22:34:24.688 Brady World[4025:70b] Multi-tasking -> Device: YES, App: YES
2014-09-16 22:34:24.699 Brady World[4025:70b] Unlimited access to network resources
2014-09-16 22:34:24.704 Brady World[4025:70b] 

Started backup to iCloud! Please be careful.
Your application might rejected by Apple if you store too much data.
For more information please read "iOS Data Storage Guidelines"
You could find it at the following address https://developer.apple.com/icloud/documentation/data-storage/ .

2014-09-16 22:34:24.846 Brady World[4025:70b] Resetting plugins due to page load.
2014-09-16 22:34:24.893 Brady World[4025:70b] Finished load of: file:///Users/bradylewis/Library/Application%20Support/iPhone%20Simulator/7.1/Applications/0BE43F3B-AA56-4BA6-9025-E233B28825ED/Brady%20World.app/www/index.html
2014-09-16 22:36:43.913 Brady World[4136:70b] Multi-tasking -> Device: YES, App: YES
2014-09-16 22:36:43.925 Brady World[4136:70b] Unlimited access to network resources
2014-09-16 22:36:43.929 Brady World[4136:70b] 

Started backup to iCloud! Please be careful.
Your application might rejected by Apple if you store too much data.
For more information please read "iOS Data Storage Guidelines"
You could find it at the following address https://developer.apple.com/icloud/documentation/data-storage/ .

2014-09-16 22:36:44.100 Brady World[4136:70b] Resetting plugins due to page load.
2014-09-16 22:36:44.147 Brady World[4136:70b] Finished load of: file:///Users/bradylewis/Library/Application%20Support/iPhone%20Simulator/7.1/Applications/0BE43F3B-AA56-4BA6-9025-E233B28825ED/Brady%20World.app/www/index.html
2014-09-16 22:39:22.271 Brady World[4250:70b] Multi-tasking -> Device: YES, App: YES
2014-09-16 22:39:22.282 Brady World[4250:70b] Unlimited access to network resources
2014-09-16 22:39:22.286 Brady World[4250:70b] 

Started backup to iCloud! Please be careful.
Your application might rejected by Apple if you store too much data.
For more information please read "iOS Data Storage Guidelines"
You could find it at the following address https://developer.apple.com/icloud/documentation/data-storage/ .

2014-09-16 22:39:22.453 Brady World[4250:70b] Resetting plugins due to page load.
2014-09-16 22:39:22.502 Brady World[4250:70b] Finished load of: file:///Users/bradylewis/Library/Application%20Support/iPhone%20Simulator/7.1/Applications/0BE43F3B-AA56-4BA6-9025-E233B28825ED/Brady%20World.app/www/index.html
2014-09-16 22:40:54.319 Brady World[4358:70b] Multi-tasking -> Device: YES, App: YES
2014-09-16 22:40:54.330 Brady World[4358:70b] Unlimited access to network resources
2014-09-16 22:40:54.334 Brady World[4358:70b] 

Started backup to iCloud! Please be careful.
Your application might rejected by Apple if you store too much data.
For more information please read "iOS Data Storage Guidelines"
You could find it at the following address https://developer.apple.com/icloud/documentation/data-storage/ .

2014-09-16 22:40:54.500 Brady World[4358:70b] Resetting plugins due to page load.
2014-09-16 22:40:54.557 Brady World[4358:70b] Finished load of: file:///Users/bradylewis/Library/Application%20Support/iPhone%20Simulator/7.1/Applications/0BE43F3B-AA56-4BA6-9025-E233B28825ED/Brady%20World.app/www/index.html
2014-09-16 22:41:41.053 Brady World[4461:70b] Multi-tasking -> Device: YES, App: YES
2014-09-16 22:41:41.064 Brady World[4461:70b] Unlimited access to network resources
2014-09-16 22:41:41.068 Brady World[4461:70b] 

Started backup to iCloud! Please be careful.
Your application might rejected by Apple if you store too much data.
For more information please read "iOS Data Storage Guidelines"
You could find it at the following address https://developer.apple.com/icloud/documentation/data-storage/ .

2014-09-16 22:41:41.223 Brady World[4461:70b] Resetting plugins due to page load.
2014-09-16 22:41:41.271 Brady World[4461:70b] Finished load of: file:///Users/bradylewis/Library/Application%20Support/iPhone%20Simulator/7.1/Applications/0BE43F3B-AA56-4BA6-9025-E233B28825ED/Brady%20World.app/www/index.html
2014-09-16 22:42:34.267 Brady World[4566:70b] Multi-tasking -> Device: YES, App: YES
2014-09-16 22:42:34.280 Brady World[4566:70b] Unlimited access to network resources
2014-09-16 22:42:34.283 Brady World[4566:70b] 

Started backup to iCloud! Please be careful.
Your application might rejected by Apple if you store too much data.
For more information please read "iOS Data Storage Guidelines"
You could find it at the following address https://developer.apple.com/icloud/documentation/data-storage/ .

2014-09-16 22:42:34.439 Brady World[4566:70b] Resetting plugins due to page load.
2014-09-16 22:42:34.496 Brady World[4566:70b] Finished load of: file:///Users/bradylewis/Library/Application%20Support/iPhone%20Simulator/7.1/Applications/0BE43F3B-AA56-4BA6-9025-E233B28825ED/Brady%20World.app/www/index.html
Terminating in response to SpringBoard's termination.
2014-09-16 22:43:37.952 Brady World[4671:70b] Multi-tasking -> Device: YES, App: YES
2014-09-16 22:43:37.963 Brady World[4671:70b] Unlimited access to network resources
2014-09-16 22:43:37.966 Brady World[4671:70b] 

Started backup to iCloud! Please be careful.
Your application might rejected by Apple if you store too much data.
For more information please read "iOS Data Storage Guidelines"
You could find it at the following address https://developer.apple.com/icloud/documentation/data-storage/ .

2014-09-16 22:43:38.118 Brady World[4671:70b] Resetting plugins due to page load.
2014-09-16 22:43:38.182 Brady World[4671:70b] Finished load of: file:///Users/bradylewis/Library/Application%20Support/iPhone%20Simulator/7.1/Applications/0BE43F3B-AA56-4BA6-9025-E233B28825ED/Brady%20World.app/www/index.html
2014-09-16 22:52:14.402 Brady World[4791:70b] Multi-tasking -> Device: YES, App: YES
2014-09-16 22:52:14.414 Brady World[4791:70b] Unlimited access to network resources
2014-09-16 22:52:14.417 Brady World[4791:70b] 

Started backup to iCloud! Please be careful.
Your application might rejected by Apple if you store too much data.
For more information please read "iOS Data Storage Guidelines"
You could find it at the following address https://developer.apple.com/icloud/documentation/data-storage/ .

2014-09-16 22:52:14.574 Brady World[4791:70b] Resetting plugins due to page load.
2014-09-16 22:52:14.626 Brady World[4791:70b] Finished load of: file:///Users/bradylewis/Library/Application%20Support/iPhone%20Simulator/7.1/Applications/0BE43F3B-AA56-4BA6-9025-E233B28825ED/Brady%20World.app/www/index.html
2014-09-16 22:53:54.488 Brady World[4897:70b] Multi-tasking -> Device: YES, App: YES
2014-09-16 22:53:54.500 Brady World[4897:70b] Unlimited access to network resources
2014-09-16 22:53:54.503 Brady World[4897:70b] 

Started backup to iCloud! Please be careful.
Your application might rejected by Apple if you store too much data.
For more information please read "iOS Data Storage Guidelines"
You could find it at the following address https://developer.apple.com/icloud/documentation/data-storage/ .

2014-09-16 22:53:54.658 Brady World[4897:70b] Resetting plugins due to page load.
2014-09-16 22:53:54.705 Brady World[4897:70b] Finished load of: file:///Users/bradylewis/Library/Application%20Support/iPhone%20Simulator/7.1/Applications/0BE43F3B-AA56-4BA6-9025-E233B28825ED/Brady%20World.app/www/index.html
2014-09-16 22:54:36.320 Brady World[5000:70b] Multi-tasking -> Device: YES, App: YES
2014-09-16 22:54:36.332 Brady World[5000:70b] Unlimited access to network resources
2014-09-16 22:54:36.336 Brady World[5000:70b] 

Started backup to iCloud! Please be careful.
Your application might rejected by Apple if you store too much data.
For more information please read "iOS Data Storage Guidelines"
You could find it at the following address https://developer.apple.com/icloud/documentation/data-storage/ .

2014-09-16 22:54:36.502 Brady World[5000:70b] Resetting plugins due to page load.
2014-09-16 22:54:36.548 Brady World[5000:70b] Finished load of: file:///Users/bradylewis/Library/Application%20Support/iPhone%20Simulator/7.1/Applications/0BE43F3B-AA56-4BA6-9025-E233B28825ED/Brady%20World.app/www/index.html
2014-09-16 22:56:05.623 Brady World[5105:70b] Multi-tasking -> Device: YES, App: YES
2014-09-16 22:56:05.634 Brady World[5105:70b] Unlimited access to network resources
2014-09-16 22:56:05.638 Brady World[5105:70b] 

Started backup to iCloud! Please be careful.
Your application might rejected by Apple if you store too much data.
For more information please read "iOS Data Storage Guidelines"
You could find it at the following address https://developer.apple.com/icloud/documentation/data-storage/ .

2014-09-16 22:56:05.815 Brady World[5105:70b] Resetting plugins due to page load.
2014-09-16 22:56:05.865 Brady World[5105:70b] Finished load of: file:///Users/bradylewis/Library/Application%20Support/iPhone%20Simulator/7.1/Applications/0BE43F3B-AA56-4BA6-9025-E233B28825ED/Brady%20World.app/www/index.html
2014-09-16 22:56:34.120 Brady World[5211:70b] Multi-tasking -> Device: YES, App: YES
2014-09-16 22:56:34.132 Brady World[5211:70b] Unlimited access to network resources
2014-09-16 22:56:34.136 Brady World[5211:70b] 

Started backup to iCloud! Please be careful.
Your application might rejected by Apple if you store too much data.
For more information please read "iOS Data Storage Guidelines"
You could find it at the following address https://developer.apple.com/icloud/documentation/data-storage/ .

2014-09-16 22:56:34.315 Brady World[5211:70b] Resetting plugins due to page load.
2014-09-16 22:56:34.361 Brady World[5211:70b] Finished load of: file:///Users/bradylewis/Library/Application%20Support/iPhone%20Simulator/7.1/Applications/0BE43F3B-AA56-4BA6-9025-E233B28825ED/Brady%20World.app/www/index.html
2014-09-16 22:57:04.737 Brady World[5315:70b] Multi-tasking -> Device: YES, App: YES
2014-09-16 22:57:04.748 Brady World[5315:70b] Unlimited access to network resources
2014-09-16 22:57:04.751 Brady World[5315:70b] 

Started backup to iCloud! Please be careful.
Your application might rejected by Apple if you store too much data.
For more information please read "iOS Data Storage Guidelines"
You could find it at the following address https://developer.apple.com/icloud/documentation/data-storage/ .

2014-09-16 22:57:04.941 Brady World[5315:70b] Resetting plugins due to page load.
2014-09-16 22:57:04.998 Brady World[5315:70b] Finished load of: file:///Users/bradylewis/Library/Application%20Support/iPhone%20Simulator/7.1/Applications/0BE43F3B-AA56-4BA6-9025-E233B28825ED/Brady%20World.app/www/index.html
2014-09-16 22:57:59.470 Brady World[5420:70b] Multi-tasking -> Device: YES, App: YES
2014-09-16 22:57:59.481 Brady World[5420:70b] Unlimited access to network resources
2014-09-16 22:57:59.485 Brady World[5420:70b] 

Started backup to iCloud! Please be careful.
Your application might rejected by Apple if you store too much data.
For more information please read "iOS Data Storage Guidelines"
You could find it at the following address https://developer.apple.com/icloud/documentation/data-storage/ .

2014-09-16 22:57:59.634 Brady World[5420:70b] Resetting plugins due to page load.
2014-09-16 22:57:59.679 Brady World[5420:70b] Finished load of: file:///Users/bradylewis/Library/Application%20Support/iPhone%20Simulator/7.1/Applications/0BE43F3B-AA56-4BA6-9025-E233B28825ED/Brady%20World.app/www/index.html
2014-09-16 22:58:39.379 Brady World[5525:70b] Multi-tasking -> Device: YES, App: YES
2014-09-16 22:58:39.391 Brady World[5525:70b] Unlimited access to network resources
2014-09-16 22:58:39.396 Brady World[5525:70b] 

Started backup to iCloud! Please be careful.
Your application might rejected by Apple if you store too much data.
For more information please read "iOS Data Storage Guidelines"
You could find it at the following address https://developer.apple.com/icloud/documentation/data-storage/ .

2014-09-16 22:58:39.550 Brady World[5525:70b] Resetting plugins due to page load.
2014-09-16 22:58:39.598 Brady World[5525:70b] Finished load of: file:///Users/bradylewis/Library/Application%20Support/iPhone%20Simulator/7.1/Applications/0BE43F3B-AA56-4BA6-9025-E233B28825ED/Brady%20World.app/www/index.html
2014-09-16 22:59:34.940 Brady World[5631:70b] Multi-tasking -> Device: YES, App: YES
2014-09-16 22:59:34.953 Brady World[5631:70b] Unlimited access to network resources
2014-09-16 22:59:34.958 Brady World[5631:70b] 

Started backup to iCloud! Please be careful.
Your application might rejected by Apple if you store too much data.
For more information please read "iOS Data Storage Guidelines"
You could find it at the following address https://developer.apple.com/icloud/documentation/data-storage/ .

2014-09-16 22:59:35.114 Brady World[5631:70b] Resetting plugins due to page load.
2014-09-16 22:59:35.168 Brady World[5631:70b] Finished load of: file:///Users/bradylewis/Library/Application%20Support/iPhone%20Simulator/7.1/Applications/0BE43F3B-AA56-4BA6-9025-E233B28825ED/Brady%20World.app/www/index.html
2014-09-16 23:01:37.802 Brady World[5743:70b] Multi-tasking -> Device: YES, App: YES
2014-09-16 23:01:37.814 Brady World[5743:70b] Unlimited access to network resources
2014-09-16 23:01:37.817 Brady World[5743:70b] 

Started backup to iCloud! Please be careful.
Your application might rejected by Apple if you store too much data.
For more information please read "iOS Data Storage Guidelines"
You could find it at the following address https://developer.apple.com/icloud/documentation/data-storage/ .

2014-09-16 23:01:37.978 Brady World[5743:70b] Resetting plugins due to page load.
2014-09-16 23:01:38.023 Brady World[5743:70b] Finished load of: file:///Users/bradylewis/Library/Application%20Support/iPhone%20Simulator/7.1/Applications/0BE43F3B-AA56-4BA6-9025-E233B28825ED/Brady%20World.app/www/index.html
2014-09-16 23:06:21.942 Brady World[5862:70b] Multi-tasking -> Device: YES, App: YES
2014-09-16 23:06:21.953 Brady World[5862:70b] Unlimited access to network resources
2014-09-16 23:06:21.957 Brady World[5862:70b] 

Started backup to iCloud! Please be careful.
Your application might rejected by Apple if you store too much data.
For more information please read "iOS Data Storage Guidelines"
You could find it at the following address https://developer.apple.com/icloud/documentation/data-storage/ .

2014-09-16 23:06:22.110 Brady World[5862:70b] Resetting plugins due to page load.
2014-09-16 23:06:22.155 Brady World[5862:70b] Finished load of: file:///Users/bradylewis/Library/Application%20Support/iPhone%20Simulator/7.1/Applications/0BE43F3B-AA56-4BA6-9025-E233B28825ED/Brady%20World.app/www/index.html
2014-09-16 23:08:07.543 Brady World[5970:70b] Multi-tasking -> Device: YES, App: YES
2014-09-16 23:08:07.558 Brady World[5970:70b] Unlimited access to network resources
2014-09-16 23:08:07.562 Brady World[5970:70b] 

Started backup to iCloud! Please be careful.
Your application might rejected by Apple if you store too much data.
For more information please read "iOS Data Storage Guidelines"
You could find it at the following address https://developer.apple.com/icloud/documentation/data-storage/ .

2014-09-16 23:08:07.725 Brady World[5970:70b] Resetting plugins due to page load.
2014-09-16 23:08:07.778 Brady World[5970:70b] Finished load of: file:///Users/bradylewis/Library/Application%20Support/iPhone%20Simulator/7.1/Applications/0BE43F3B-AA56-4BA6-9025-E233B28825ED/Brady%20World.app/www/index.html
2014-09-16 23:08:53.331 Brady World[6075:70b] Multi-tasking -> Device: YES, App: YES
2014-09-16 23:08:53.342 Brady World[6075:70b] Unlimited access to network resources
2014-09-16 23:08:53.345 Brady World[6075:70b] 

Started backup to iCloud! Please be careful.
Your application might rejected by Apple if you store too much data.
For more information please read "iOS Data Storage Guidelines"
You could find it at the following address https://developer.apple.com/icloud/documentation/data-storage/ .

2014-09-16 23:08:53.504 Brady World[6075:70b] Resetting plugins due to page load.
2014-09-16 23:08:53.568 Brady World[6075:70b] Finished load of: file:///Users/bradylewis/Library/Application%20Support/iPhone%20Simulator/7.1/Applications/0BE43F3B-AA56-4BA6-9025-E233B28825ED/Brady%20World.app/www/index.html
2014-09-16 23:09:19.999 Brady World[6178:70b] Multi-tasking -> Device: YES, App: YES
2014-09-16 23:09:20.011 Brady World[6178:70b] Unlimited access to network resources
2014-09-16 23:09:20.014 Brady World[6178:70b] 

Started backup to iCloud! Please be careful.
Your application might rejected by Apple if you store too much data.
For more information please read "iOS Data Storage Guidelines"
You could find it at the following address https://developer.apple.com/icloud/documentation/data-storage/ .

2014-09-16 23:09:20.182 Brady World[6178:70b] Resetting plugins due to page load.
2014-09-16 23:09:20.229 Brady World[6178:70b] Finished load of: file:///Users/bradylewis/Library/Application%20Support/iPhone%20Simulator/7.1/Applications/0BE43F3B-AA56-4BA6-9025-E233B28825ED/Brady%20World.app/www/index.html
2014-09-16 23:10:24.354 Brady World[6282:70b] Multi-tasking -> Device: YES, App: YES
2014-09-16 23:10:24.366 Brady World[6282:70b] Unlimited access to network resources
2014-09-16 23:10:24.369 Brady World[6282:70b] 

Started backup to iCloud! Please be careful.
Your application might rejected by Apple if you store too much data.
For more information please read "iOS Data Storage Guidelines"
You could find it at the following address https://developer.apple.com/icloud/documentation/data-storage/ .

2014-09-16 23:10:24.519 Brady World[6282:70b] Resetting plugins due to page load.
2014-09-16 23:10:24.565 Brady World[6282:70b] Finished load of: file:///Users/bradylewis/Library/Application%20Support/iPhone%20Simulator/7.1/Applications/0BE43F3B-AA56-4BA6-9025-E233B28825ED/Brady%20World.app/www/index.html
2014-09-16 23:10:53.028 Brady World[6282:70b] Resetting plugins due to page load.
2014-09-16 23:10:53.035 Brady World[6282:70b] Failed to load webpage with error: The requested URL was not found on this server.
2014-09-16 23:12:47.555 Brady World[6444:70b] Multi-tasking -> Device: YES, App: YES
2014-09-16 23:12:47.566 Brady World[6444:70b] Unlimited access to network resources
2014-09-16 23:12:47.571 Brady World[6444:70b] 

Started backup to iCloud! Please be careful.
Your application might rejected by Apple if you store too much data.
For more information please read "iOS Data Storage Guidelines"
You could find it at the following address https://developer.apple.com/icloud/documentation/data-storage/ .

2014-09-16 23:12:47.729 Brady World[6444:70b] Resetting plugins due to page load.
2014-09-16 23:12:47.778 Brady World[6444:70b] Finished load of: file:///Users/bradylewis/Library/Application%20Support/iPhone%20Simulator/7.1/Applications/0BE43F3B-AA56-4BA6-9025-E233B28825ED/Brady%20World.app/www/index.html
2014-09-16 23:12:49.742 Brady World[6444:70b] Resetting plugins due to page load.
2014-09-16 23:12:49.754 Brady World[6444:70b] Finished load of: file:///Users/bradylewis/Library/Application%20Support/iPhone%20Simulator/7.1/Applications/0BE43F3B-AA56-4BA6-9025-E233B28825ED/Brady%20World.app/www/childhood.html
2014-09-16 23:12:50.707 Brady World[6444:70b] Resetting plugins due to page load.
2014-09-16 23:12:50.729 Brady World[6444:70b] Finished load of: file:///Users/bradylewis/Library/Application%20Support/iPhone%20Simulator/7.1/Applications/0BE43F3B-AA56-4BA6-9025-E233B28825ED/Brady%20World.app/www/family.html
2014-09-16 23:12:51.492 Brady World[6444:70b] Resetting plugins due to page load.
2014-09-16 23:12:51.501 Brady World[6444:70b] Finished load of: file:///Users/bradylewis/Library/Application%20Support/iPhone%20Simulator/7.1/Applications/0BE43F3B-AA56-4BA6-9025-E233B28825ED/Brady%20World.app/www/education.html
2014-09-16 23:12:52.888 Brady World[6444:70b] Resetting plugins due to page load.
2014-09-16 23:12:52.916 Brady World[6444:70b] Finished load of: file:///Users/bradylewis/Library/Application%20Support/iPhone%20Simulator/7.1/Applications/0BE43F3B-AA56-4BA6-9025-E233B28825ED/Brady%20World.app/www/contact.html
2014-09-16 23:14:36.267 Brady World[6560:70b] Multi-tasking -> Device: YES, App: YES
2014-09-16 23:14:36.279 Brady World[6560:70b] Unlimited access to network resources
2014-09-16 23:14:36.282 Brady World[6560:70b] 

Started backup to iCloud! Please be careful.
Your application might rejected by Apple if you store too much data.
For more information please read "iOS Data Storage Guidelines"
You could find it at the following address https://developer.apple.com/icloud/documentation/data-storage/ .

2014-09-16 23:14:36.431 Brady World[6560:70b] Resetting plugins due to page load.
2014-09-16 23:14:36.478 Brady World[6560:70b] Finished load of: file:///Users/bradylewis/Library/Application%20Support/iPhone%20Simulator/7.1/Applications/0BE43F3B-AA56-4BA6-9025-E233B28825ED/Brady%20World.app/www/index.html
2014-09-16 23:15:23.945 Brady World[6667:70b] Multi-tasking -> Device: YES, App: YES
2014-09-16 23:15:23.956 Brady World[6667:70b] Unlimited access to network resources
2014-09-16 23:15:23.960 Brady World[6667:70b] 

Started backup to iCloud! Please be careful.
Your application might rejected by Apple if you store too much data.
For more information please read "iOS Data Storage Guidelines"
You could find it at the following address https://developer.apple.com/icloud/documentation/data-storage/ .

2014-09-16 23:15:24.128 Brady World[6667:70b] Resetting plugins due to page load.
2014-09-16 23:15:24.172 Brady World[6667:70b] Finished load of: file:///Users/bradylewis/Library/Application%20Support/iPhone%20Simulator/7.1/Applications/0BE43F3B-AA56-4BA6-9025-E233B28825ED/Brady%20World.app/www/index.html
2014-09-16 23:22:02.068 Brady World[6794:70b] Multi-tasking -> Device: YES, App: YES
2014-09-16 23:22:02.080 Brady World[6794:70b] Unlimited access to network resources
2014-09-16 23:22:02.083 Brady World[6794:70b] 

Started backup to iCloud! Please be careful.
Your application might rejected by Apple if you store too much data.
For more information please read "iOS Data Storage Guidelines"
You could find it at the following address https://developer.apple.com/icloud/documentation/data-storage/ .

2014-09-16 23:22:02.243 Brady World[6794:70b] Resetting plugins due to page load.
2014-09-16 23:22:02.291 Brady World[6794:70b] Finished load of: file:///Users/bradylewis/Library/Application%20Support/iPhone%20Simulator/7.1/Applications/0BE43F3B-AA56-4BA6-9025-E233B28825ED/Brady%20World.app/www/index.html
2014-09-16 23:22:07.228 Brady World[6794:70b] Resetting plugins due to page load.
2014-09-16 23:22:07.241 Brady World[6794:70b] Finished load of: file:///Users/bradylewis/Library/Application%20Support/iPhone%20Simulator/7.1/Applications/0BE43F3B-AA56-4BA6-9025-E233B28825ED/Brady%20World.app/www/family.html
2014-09-16 23:22:09.563 Brady World[6794:70b] Resetting plugins due to page load.
2014-09-16 23:22:09.583 Brady World[6794:70b] Finished load of: file:///Users/bradylewis/Library/Application%20Support/iPhone%20Simulator/7.1/Applications/0BE43F3B-AA56-4BA6-9025-E233B28825ED/Brady%20World.app/www/childhood.html
2014-09-16 23:22:12.230 Brady World[6794:70b] Resetting plugins due to page load.
2014-09-16 23:22:12.250 Brady World[6794:70b] Finished load of: file:///Users/bradylewis/Library/Application%20Support/iPhone%20Simulator/7.1/Applications/0BE43F3B-AA56-4BA6-9025-E233B28825ED/Brady%20World.app/www/contact.html
2014-09-16 23:22:13.238 Brady World[6794:70b] Resetting plugins due to page load.
2014-09-16 23:22:13.249 Brady World[6794:70b] Finished load of: file:///Users/bradylewis/Library/Application%20Support/iPhone%20Simulator/7.1/Applications/0BE43F3B-AA56-4BA6-9025-E233B28825ED/Brady%20World.app/www/education.html
Terminating in response to SpringBoard's termination.
2014-09-16 23:23:02.609 Brady World[6903:70b] Multi-tasking -> Device: YES, App: YES
2014-09-16 23:23:02.621 Brady World[6903:70b] Unlimited access to network resources
2014-09-16 23:23:02.624 Brady World[6903:70b] 

Started backup to iCloud! Please be careful.
Your application might rejected by Apple if you store too much data.
For more information please read "iOS Data Storage Guidelines"
You could find it at the following address https://developer.apple.com/icloud/documentation/data-storage/ .

2014-09-16 23:23:02.784 Brady World[6903:70b] Resetting plugins due to page load.
2014-09-16 23:23:02.835 Brady World[6903:70b] Finished load of: file:///Users/bradylewis/Library/Application%20Support/iPhone%20Simulator/7.1/Applications/0BE43F3B-AA56-4BA6-9025-E233B28825ED/Brady%20World.app/www/index.html
2014-09-16 23:23:06.498 Brady World[6903:70b] Resetting plugins due to page load.
2014-09-16 23:23:06.521 Brady World[6903:70b] Finished load of: file:///Users/bradylewis/Library/Application%20Support/iPhone%20Simulator/7.1/Applications/0BE43F3B-AA56-4BA6-9025-E233B28825ED/Brady%20World.app/www/contact.html
2014-09-16 23:23:08.317 Brady World[6903:70b] Resetting plugins due to page load.
2014-09-16 23:23:08.337 Brady World[6903:70b] Finished load of: file:///Users/bradylewis/Library/Application%20Support/iPhone%20Simulator/7.1/Applications/0BE43F3B-AA56-4BA6-9025-E233B28825ED/Brady%20World.app/www/education.html
2014-09-16 23:23:09.636 Brady World[6903:70b] Resetting plugins due to page load.
2014-09-16 23:23:09.648 Brady World[6903:70b] Finished load of: file:///Users/bradylewis/Library/Application%20Support/iPhone%20Simulator/7.1/Applications/0BE43F3B-AA56-4BA6-9025-E233B28825ED/Brady%20World.app/www/family.html
2014-09-16 23:23:10.163 Brady World[6903:70b] Resetting plugins due to page load.
2014-09-16 23:23:10.174 Brady World[6903:70b] Finished load of: file:///Users/bradylewis/Library/Application%20Support/iPhone%20Simulator/7.1/Applications/0BE43F3B-AA56-4BA6-9025-E233B28825ED/Brady%20World.app/www/contact.html
2014-09-16 23:23:12.291 Brady World[6903:70b] Resetting plugins due to page load.
2014-09-16 23:23:12.299 Brady World[6903:70b] Finished load of: file:///Users/bradylewis/Library/Application%20Support/iPhone%20Simulator/7.1/Applications/0BE43F3B-AA56-4BA6-9025-E233B28825ED/Brady%20World.app/www/index.html
2014-09-16 23:27:18.406 Brady World[7021:70b] Multi-tasking -> Device: YES, App: YES
2014-09-16 23:27:18.418 Brady World[7021:70b] Unlimited access to network resources
2014-09-16 23:27:18.421 Brady World[7021:70b] 

Started backup to iCloud! Please be careful.
Your application might rejected by Apple if you store too much data.
For more information please read "iOS Data Storage Guidelines"
You could find it at the following address https://developer.apple.com/icloud/documentation/data-storage/ .

2014-09-16 23:27:18.575 Brady World[7021:70b] Resetting plugins due to page load.
2014-09-16 23:27:18.661 Brady World[7021:70b] Finished load of: file:///Users/bradylewis/Library/Application%20Support/iPhone%20Simulator/7.1/Applications/0BE43F3B-AA56-4BA6-9025-E233B28825ED/Brady%20World.app/www/index.html
2014-09-16 23:28:10.806 Brady World[7129:70b] Multi-tasking -> Device: YES, App: YES
2014-09-16 23:28:10.819 Brady World[7129:70b] Unlimited access to network resources
2014-09-16 23:28:10.825 Brady World[7129:70b] 

Started backup to iCloud! Please be careful.
Your application might rejected by Apple if you store too much data.
For more information please read "iOS Data Storage Guidelines"
You could find it at the following address https://developer.apple.com/icloud/documentation/data-storage/ .

2014-09-16 23:28:10.993 Brady World[7129:70b] Resetting plugins due to page load.
2014-09-16 23:28:11.039 Brady World[7129:70b] Finished load of: file:///Users/bradylewis/Library/Application%20Support/iPhone%20Simulator/7.1/Applications/0BE43F3B-AA56-4BA6-9025-E233B28825ED/Brady%20World.app/www/index.html
2014-09-16 23:28:58.761 Brady World[7236:70b] Multi-tasking -> Device: YES, App: YES
2014-09-16 23:28:58.774 Brady World[7236:70b] Unlimited access to network resources
2014-09-16 23:28:58.778 Brady World[7236:70b] 

Started backup to iCloud! Please be careful.
Your application might rejected by Apple if you store too much data.
For more information please read "iOS Data Storage Guidelines"
You could find it at the following address https://developer.apple.com/icloud/documentation/data-storage/ .

2014-09-16 23:28:58.942 Brady World[7236:70b] Resetting plugins due to page load.
2014-09-16 23:28:59.004 Brady World[7236:70b] Finished load of: file:///Users/bradylewis/Library/Application%20Support/iPhone%20Simulator/7.1/Applications/0BE43F3B-AA56-4BA6-9025-E233B28825ED/Brady%20World.app/www/index.html
2014-09-16 23:30:18.095 Brady World[7349:70b] Multi-tasking -> Device: YES, App: YES
2014-09-16 23:30:18.107 Brady World[7349:70b] Unlimited access to network resources
2014-09-16 23:30:18.111 Brady World[7349:70b] 

Started backup to iCloud! Please be careful.
Your application might rejected by Apple if you store too much data.
For more information please read "iOS Data Storage Guidelines"
You could find it at the following address https://developer.apple.com/icloud/documentation/data-storage/ .

2014-09-16 23:30:18.299 Brady World[7349:70b] Resetting plugins due to page load.
2014-09-16 23:30:18.348 Brady World[7349:70b] Finished load of: file:///Users/bradylewis/Library/Application%20Support/iPhone%20Simulator/7.1/Applications/0BE43F3B-AA56-4BA6-9025-E233B28825ED/Brady%20World.app/www/index.html
2014-09-16 23:30:58.724 Brady World[7456:70b] Multi-tasking -> Device: YES, App: YES
2014-09-16 23:30:58.735 Brady World[7456:70b] Unlimited access to network resources
2014-09-16 23:30:58.739 Brady World[7456:70b] 

Started backup to iCloud! Please be careful.
Your application might rejected by Apple if you store too much data.
For more information please read "iOS Data Storage Guidelines"
You could find it at the following address https://developer.apple.com/icloud/documentation/data-storage/ .

2014-09-16 23:30:58.907 Brady World[7456:70b] Resetting plugins due to page load.
2014-09-16 23:30:58.954 Brady World[7456:70b] Finished load of: file:///Users/bradylewis/Library/Application%20Support/iPhone%20Simulator/7.1/Applications/0BE43F3B-AA56-4BA6-9025-E233B28825ED/Brady%20World.app/www/index.html
2014-09-16 23:32:35.858 Brady World[7568:70b] Multi-tasking -> Device: YES, App: YES
2014-09-16 23:32:35.870 Brady World[7568:70b] Unlimited access to network resources
2014-09-16 23:32:35.874 Brady World[7568:70b] 

Started backup to iCloud! Please be careful.
Your application might rejected by Apple if you store too much data.
For more information please read "iOS Data Storage Guidelines"
You could find it at the following address https://developer.apple.com/icloud/documentation/data-storage/ .

2014-09-16 23:32:36.031 Brady World[7568:70b] Resetting plugins due to page load.
2014-09-16 23:32:36.119 Brady World[7568:70b] Finished load of: file:///Users/bradylewis/Library/Application%20Support/iPhone%20Simulator/7.1/Applications/0BE43F3B-AA56-4BA6-9025-E233B28825ED/Brady%20World.app/www/index.html
2014-09-16 23:33:40.238 Brady World[7677:70b] Multi-tasking -> Device: YES, App: YES
2014-09-16 23:33:40.250 Brady World[7677:70b] Unlimited access to network resources
2014-09-16 23:33:40.254 Brady World[7677:70b] 

Started backup to iCloud! Please be careful.
Your application might rejected by Apple if you store too much data.
For more information please read "iOS Data Storage Guidelines"
You could find it at the following address https://developer.apple.com/icloud/documentation/data-storage/ .

2014-09-16 23:33:40.418 Brady World[7677:70b] Resetting plugins due to page load.
2014-09-16 23:33:40.465 Brady World[7677:70b] Finished load of: file:///Users/bradylewis/Library/Application%20Support/iPhone%20Simulator/7.1/Applications/0BE43F3B-AA56-4BA6-9025-E233B28825ED/Brady%20World.app/www/index.html
2014-09-16 23:36:26.274 Brady World[7789:70b] Multi-tasking -> Device: YES, App: YES
2014-09-16 23:36:26.286 Brady World[7789:70b] Unlimited access to network resources
2014-09-16 23:36:26.290 Brady World[7789:70b] 

Started backup to iCloud! Please be careful.
Your application might rejected by Apple if you store too much data.
For more information please read "iOS Data Storage Guidelines"
You could find it at the following address https://developer.apple.com/icloud/documentation/data-storage/ .

2014-09-16 23:36:26.448 Brady World[7789:70b] Resetting plugins due to page load.
2014-09-16 23:36:26.503 Brady World[7789:70b] Finished load of: file:///Users/bradylewis/Library/Application%20Support/iPhone%20Simulator/7.1/Applications/0BE43F3B-AA56-4BA6-9025-E233B28825ED/Brady%20World.app/www/index.html
2014-09-16 23:37:29.830 Brady World[7899:70b] Multi-tasking -> Device: YES, App: YES
2014-09-16 23:37:29.841 Brady World[7899:70b] Unlimited access to network resources
2014-09-16 23:37:29.846 Brady World[7899:70b] 

Started backup to iCloud! Please be careful.
Your application might rejected by Apple if you store too much data.
For more information please read "iOS Data Storage Guidelines"
You could find it at the following address https://developer.apple.com/icloud/documentation/data-storage/ .

2014-09-16 23:37:30.011 Brady World[7899:70b] Resetting plugins due to page load.
2014-09-16 23:37:30.060 Brady World[7899:70b] Finished load of: file:///Users/bradylewis/Library/Application%20Support/iPhone%20Simulator/7.1/Applications/0BE43F3B-AA56-4BA6-9025-E233B28825ED/Brady%20World.app/www/index.html
2014-09-16 23:38:52.323 Brady World[8014:70b] Multi-tasking -> Device: YES, App: YES
2014-09-16 23:38:52.335 Brady World[8014:70b] Unlimited access to network resources
2014-09-16 23:38:52.339 Brady World[8014:70b] 

Started backup to iCloud! Please be careful.
Your application might rejected by Apple if you store too much data.
For more information please read "iOS Data Storage Guidelines"
You could find it at the following address https://developer.apple.com/icloud/documentation/data-storage/ .

2014-09-16 23:38:52.503 Brady World[8014:70b] Resetting plugins due to page load.
2014-09-16 23:38:52.581 Brady World[8014:70b] Finished load of: file:///Users/bradylewis/Library/Application%20Support/iPhone%20Simulator/7.1/Applications/0BE43F3B-AA56-4BA6-9025-E233B28825ED/Brady%20World.app/www/index.html
2014-09-16 23:45:08.824 Brady World[8141:70b] Multi-tasking -> Device: YES, App: YES
2014-09-16 23:45:08.836 Brady World[8141:70b] Unlimited access to network resources
2014-09-16 23:45:08.839 Brady World[8141:70b] 

Started backup to iCloud! Please be careful.
Your application might rejected by Apple if you store too much data.
For more information please read "iOS Data Storage Guidelines"
You could find it at the following address https://developer.apple.com/icloud/documentation/data-storage/ .

2014-09-16 23:45:09.011 Brady World[8141:70b] Resetting plugins due to page load.
2014-09-16 23:45:09.078 Brady World[8141:70b] Finished load of: file:///Users/bradylewis/Library/Application%20Support/iPhone%20Simulator/7.1/Applications/0BE43F3B-AA56-4BA6-9025-E233B28825ED/Brady%20World.app/www/index.html
Terminating in response to SpringBoard's termination.
2014-09-16 23:45:51.535 Brady World[8251:70b] Multi-tasking -> Device: YES, App: YES
2014-09-16 23:45:51.546 Brady World[8251:70b] Unlimited access to network resources
2014-09-16 23:45:51.550 Brady World[8251:70b] 

Started backup to iCloud! Please be careful.
Your application might rejected by Apple if you store too much data.
For more information please read "iOS Data Storage Guidelines"
You could find it at the following address https://developer.apple.com/icloud/documentation/data-storage/ .

2014-09-16 23:45:51.702 Brady World[8251:70b] Resetting plugins due to page load.
2014-09-16 23:45:51.752 Brady World[8251:70b] Finished load of: file:///Users/bradylewis/Library/Application%20Support/iPhone%20Simulator/7.1/Applications/0BE43F3B-AA56-4BA6-9025-E233B28825ED/Brady%20World.app/www/index.html
2014-09-16 23:46:54.877 Brady World[8361:70b] Multi-tasking -> Device: YES, App: YES
2014-09-16 23:46:54.888 Brady World[8361:70b] Unlimited access to network resources
2014-09-16 23:46:54.892 Brady World[8361:70b] 

Started backup to iCloud! Please be careful.
Your application might rejected by Apple if you store too much data.
For more information please read "iOS Data Storage Guidelines"
You could find it at the following address https://developer.apple.com/icloud/documentation/data-storage/ .

2014-09-16 23:46:55.056 Brady World[8361:70b] Resetting plugins due to page load.
2014-09-16 23:46:55.111 Brady World[8361:70b] Finished load of: file:///Users/bradylewis/Library/Application%20Support/iPhone%20Simulator/7.1/Applications/0BE43F3B-AA56-4BA6-9025-E233B28825ED/Brady%20World.app/www/index.html
2014-09-16 23:49:10.296 Brady World[8361:70b] Resetting plugins due to page load.
2014-09-16 23:49:10.307 Brady World[8361:70b] Finished load of: file:///Users/bradylewis/Library/Application%20Support/iPhone%20Simulator/7.1/Applications/0BE43F3B-AA56-4BA6-9025-E233B28825ED/Brady%20World.app/www/childhood.html
2014-09-16 23:49:11.769 Brady World[8361:70b] Resetting plugins due to page load.
2014-09-16 23:49:11.778 Brady World[8361:70b] Finished load of: file:///Users/bradylewis/Library/Application%20Support/iPhone%20Simulator/7.1/Applications/0BE43F3B-AA56-4BA6-9025-E233B28825ED/Brady%20World.app/www/contact.html
2014-09-16 23:49:13.316 Brady World[8361:70b] Resetting plugins due to page load.
2014-09-16 23:49:13.327 Brady World[8361:70b] Finished load of: file:///Users/bradylewis/Library/Application%20Support/iPhone%20Simulator/7.1/Applications/0BE43F3B-AA56-4BA6-9025-E233B28825ED/Brady%20World.app/www/education.html
2014-09-16 23:49:14.157 Brady World[8361:70b] Resetting plugins due to page load.
2014-09-16 23:49:14.167 Brady World[8361:70b] Finished load of: file:///Users/bradylewis/Library/Application%20Support/iPhone%20Simulator/7.1/Applications/0BE43F3B-AA56-4BA6-9025-E233B28825ED/Brady%20World.app/www/family.html
2014-09-16 23:49:14.743 Brady World[8361:70b] Resetting plugins due to page load.
2014-09-16 23:49:14.752 Brady World[8361:70b] Finished load of: file:///Users/bradylewis/Library/Application%20Support/iPhone%20Simulator/7.1/Applications/0BE43F3B-AA56-4BA6-9025-E233B28825ED/Brady%20World.app/www/childhood.html
2014-09-16 23:49:15.672 Brady World[8361:70b] Resetting plugins due to page load.
2014-09-16 23:49:15.682 Brady World[8361:70b] Finished load of: file:///Users/bradylewis/Library/Application%20Support/iPhone%20Simulator/7.1/Applications/0BE43F3B-AA56-4BA6-9025-E233B28825ED/Brady%20World.app/www/contact.html
2014-09-16 23:49:16.323 Brady World[8361:70b] Resetting plugins due to page load.
2014-09-16 23:49:16.332 Brady World[8361:70b] Finished load of: file:///Users/bradylewis/Library/Application%20Support/iPhone%20Simulator/7.1/Applications/0BE43F3B-AA56-4BA6-9025-E233B28825ED/Brady%20World.app/www/index.html
2014-09-17 15:48:07.772 Brady World[8547:70b] Multi-tasking -> Device: YES, App: YES
2014-09-17 15:48:07.804 Brady World[8547:70b] Unlimited access to network resources
2014-09-17 15:48:07.809 Brady World[8547:70b] 

Started backup to iCloud! Please be careful.
Your application might rejected by Apple if you store too much data.
For more information please read "iOS Data Storage Guidelines"
You could find it at the following address https://developer.apple.com/icloud/documentation/data-storage/ .

2014-09-17 15:48:07.986 Brady World[8547:70b] Resetting plugins due to page load.
2014-09-17 15:48:08.080 Brady World[8547:70b] Finished load of: file:///Users/bradylewis/Library/Application%20Support/iPhone%20Simulator/7.1/Applications/0BE43F3B-AA56-4BA6-9025-E233B28825ED/Brady%20World.app/www/index.html
2014-09-17 15:48:10.387 Brady World[8547:70b] Resetting plugins due to page load.
2014-09-17 15:48:10.396 Brady World[8547:70b] Finished load of: file:///Users/bradylewis/Library/Application%20Support/iPhone%20Simulator/7.1/Applications/0BE43F3B-AA56-4BA6-9025-E233B28825ED/Brady%20World.app/www/childhood.html
2014-09-17 15:48:45.519 Brady World[8659:70b] Multi-tasking -> Device: YES, App: YES
2014-09-17 15:48:45.530 Brady World[8659:70b] Unlimited access to network resources
2014-09-17 15:48:45.534 Brady World[8659:70b] 

Started backup to iCloud! Please be careful.
Your application might rejected by Apple if you store too much data.
For more information please read "iOS Data Storage Guidelines"
You could find it at the following address https://developer.apple.com/icloud/documentation/data-storage/ .

2014-09-17 15:48:45.686 Brady World[8659:70b] Resetting plugins due to page load.
2014-09-17 15:48:45.740 Brady World[8659:70b] Finished load of: file:///Users/bradylewis/Library/Application%20Support/iPhone%20Simulator/7.1/Applications/0BE43F3B-AA56-4BA6-9025-E233B28825ED/Brady%20World.app/www/index.html
2014-09-17 15:48:48.329 Brady World[8659:70b] Resetting plugins due to page load.
2014-09-17 15:48:48.339 Brady World[8659:70b] Finished load of: file:///Users/bradylewis/Library/Application%20Support/iPhone%20Simulator/7.1/Applications/0BE43F3B-AA56-4BA6-9025-E233B28825ED/Brady%20World.app/www/childhood.html
2014-09-17 15:50:29.814 Brady World[8775:70b] Multi-tasking -> Device: YES, App: YES
2014-09-17 15:50:29.825 Brady World[8775:70b] Unlimited access to network resources
2014-09-17 15:50:29.829 Brady World[8775:70b] 

Started backup to iCloud! Please be careful.
Your application might rejected by Apple if you store too much data.
For more information please read "iOS Data Storage Guidelines"
You could find it at the following address https://developer.apple.com/icloud/documentation/data-storage/ .

2014-09-17 15:50:29.976 Brady World[8775:70b] Resetting plugins due to page load.
2014-09-17 15:50:30.027 Brady World[8775:70b] Finished load of: file:///Users/bradylewis/Library/Application%20Support/iPhone%20Simulator/7.1/Applications/0BE43F3B-AA56-4BA6-9025-E233B28825ED/Brady%20World.app/www/index.html
2014-09-17 15:50:32.186 Brady World[8775:70b] Resetting plugins due to page load.
2014-09-17 15:50:32.197 Brady World[8775:70b] Finished load of: file:///Users/bradylewis/Library/Application%20Support/iPhone%20Simulator/7.1/Applications/0BE43F3B-AA56-4BA6-9025-E233B28825ED/Brady%20World.app/www/childhood.html
2014-09-17 15:51:18.006 Brady World[8884:70b] Multi-tasking -> Device: YES, App: YES
2014-09-17 15:51:18.018 Brady World[8884:70b] Unlimited access to network resources
2014-09-17 15:51:18.021 Brady World[8884:70b] 

Started backup to iCloud! Please be careful.
Your application might rejected by Apple if you store too much data.
For more information please read "iOS Data Storage Guidelines"
You could find it at the following address https://developer.apple.com/icloud/documentation/data-storage/ .

2014-09-17 15:51:18.206 Brady World[8884:70b] Resetting plugins due to page load.
2014-09-17 15:51:18.261 Brady World[8884:70b] Finished load of: file:///Users/bradylewis/Library/Application%20Support/iPhone%20Simulator/7.1/Applications/0BE43F3B-AA56-4BA6-9025-E233B28825ED/Brady%20World.app/www/index.html
2014-09-17 15:51:19.635 Brady World[8884:70b] Resetting plugins due to page load.
2014-09-17 15:51:19.646 Brady World[8884:70b] Finished load of: file:///Users/bradylewis/Library/Application%20Support/iPhone%20Simulator/7.1/Applications/0BE43F3B-AA56-4BA6-9025-E233B28825ED/Brady%20World.app/www/childhood.html
2014-09-17 15:51:50.119 Brady World[8996:70b] Multi-tasking -> Device: YES, App: YES
2014-09-17 15:51:50.129 Brady World[8996:70b] Unlimited access to network resources
2014-09-17 15:51:50.133 Brady World[8996:70b] 

Started backup to iCloud! Please be careful.
Your application might rejected by Apple if you store too much data.
For more information please read "iOS Data Storage Guidelines"
You could find it at the following address https://developer.apple.com/icloud/documentation/data-storage/ .

2014-09-17 15:51:50.288 Brady World[8996:70b] Resetting plugins due to page load.
2014-09-17 15:51:50.349 Brady World[8996:70b] Finished load of: file:///Users/bradylewis/Library/Application%20Support/iPhone%20Simulator/7.1/Applications/0BE43F3B-AA56-4BA6-9025-E233B28825ED/Brady%20World.app/www/index.html
2014-09-17 15:51:52.281 Brady World[8996:70b] Resetting plugins due to page load.
2014-09-17 15:51:52.292 Brady World[8996:70b] Finished load of: file:///Users/bradylewis/Library/Application%20Support/iPhone%20Simulator/7.1/Applications/0BE43F3B-AA56-4BA6-9025-E233B28825ED/Brady%20World.app/www/childhood.html
2014-09-17 20:18:56.475 Brady World[8996:70b] Resetting plugins due to page load.
2014-09-17 20:18:56.611 Brady World[8996:70b] Finished load of: file:///Users/bradylewis/Library/Application%20Support/iPhone%20Simulator/7.1/Applications/0BE43F3B-AA56-4BA6-9025-E233B28825ED/Brady%20World.app/www/index.html
2014-09-17 20:18:58.426 Brady World[8996:70b] Resetting plugins due to page load.
2014-09-17 20:18:58.446 Brady World[8996:70b] Finished load of: file:///Users/bradylewis/Library/Application%20Support/iPhone%20Simulator/7.1/Applications/0BE43F3B-AA56-4BA6-9025-E233B28825ED/Brady%20World.app/www/childhood.html
2014-09-17 20:18:59.438 Brady World[8996:70b] Resetting plugins due to page load.
2014-09-17 20:18:59.453 Brady World[8996:70b] Finished load of: file:///Users/bradylewis/Library/Application%20Support/iPhone%20Simulator/7.1/Applications/0BE43F3B-AA56-4BA6-9025-E233B28825ED/Brady%20World.app/www/family.html
2014-09-17 20:19:00.535 Brady World[8996:70b] Resetting plugins due to page load.
2014-09-17 20:19:00.544 Brady World[8996:70b] Finished load of: file:///Users/bradylewis/Library/Application%20Support/iPhone%20Simulator/7.1/Applications/0BE43F3B-AA56-4BA6-9025-E233B28825ED/Brady%20World.app/www/childhood.html
2014-09-17 20:25:14.620 Brady World[9172:70b] Multi-tasking -> Device: YES, App: YES
2014-09-17 20:25:14.645 Brady World[9172:70b] Unlimited access to network resources
2014-09-17 20:25:14.650 Brady World[9172:70b] 

Started backup to iCloud! Please be careful.
Your application might rejected by Apple if you store too much data.
For more information please read "iOS Data Storage Guidelines"
You could find it at the following address https://developer.apple.com/icloud/documentation/data-storage/ .

2014-09-17 20:25:14.840 Brady World[9172:70b] Resetting plugins due to page load.
2014-09-17 20:25:15.049 Brady World[9172:70b] Finished load of: file:///Users/bradylewis/Library/Application%20Support/iPhone%20Simulator/7.1/Applications/0BE43F3B-AA56-4BA6-9025-E233B28825ED/Brady%20World.app/www/index.html
2014-09-17 20:25:26.104 Brady World[9172:70b] Resetting plugins due to page load.
2014-09-17 20:25:26.114 Brady World[9172:70b] Finished load of: file:///Users/bradylewis/Library/Application%20Support/iPhone%20Simulator/7.1/Applications/0BE43F3B-AA56-4BA6-9025-E233B28825ED/Brady%20World.app/www/childhood.html
2014-09-17 20:25:28.168 Brady World[9172:70b] Resetting plugins due to page load.
2014-09-17 20:25:28.180 Brady World[9172:70b] Finished load of: file:///Users/bradylewis/Library/Application%20Support/iPhone%20Simulator/7.1/Applications/0BE43F3B-AA56-4BA6-9025-E233B28825ED/Brady%20World.app/www/family.html
2014-09-17 20:28:42.662 Brady World[9289:70b] Multi-tasking -> Device: YES, App: YES
2014-09-17 20:28:42.673 Brady World[9289:70b] Unlimited access to network resources
2014-09-17 20:28:42.677 Brady World[9289:70b] 

Started backup to iCloud! Please be careful.
Your application might rejected by Apple if you store too much data.
For more information please read "iOS Data Storage Guidelines"
You could find it at the following address https://developer.apple.com/icloud/documentation/data-storage/ .

2014-09-17 20:28:42.826 Brady World[9289:70b] Resetting plugins due to page load.
2014-09-17 20:28:42.873 Brady World[9289:70b] Finished load of: file:///Users/bradylewis/Library/Application%20Support/iPhone%20Simulator/7.1/Applications/0BE43F3B-AA56-4BA6-9025-E233B28825ED/Brady%20World.app/www/index.html
2014-09-17 20:28:47.565 Brady World[9289:70b] Resetting plugins due to page load.
2014-09-17 20:28:47.577 Brady World[9289:70b] Finished load of: file:///Users/bradylewis/Library/Application%20Support/iPhone%20Simulator/7.1/Applications/0BE43F3B-AA56-4BA6-9025-E233B28825ED/Brady%20World.app/www/childhood.html
2014-09-17 20:28:49.228 Brady World[9289:70b] Resetting plugins due to page load.
2014-09-17 20:28:49.246 Brady World[9289:70b] Finished load of: file:///Users/bradylewis/Library/Application%20Support/iPhone%20Simulator/7.1/Applications/0BE43F3B-AA56-4BA6-9025-E233B28825ED/Brady%20World.app/www/family.html
2014-09-17 20:28:50.646 Brady World[9289:70b] Resetting plugins due to page load.
2014-09-17 20:28:50.668 Brady World[9289:70b] Finished load of: file:///Users/bradylewis/Library/Application%20Support/iPhone%20Simulator/7.1/Applications/0BE43F3B-AA56-4BA6-9025-E233B28825ED/Brady%20World.app/www/education.html
2014-09-17 20:29:38.893 Brady World[9399:70b] Multi-tasking -> Device: YES, App: YES
2014-09-17 20:29:38.904 Brady World[9399:70b] Unlimited access to network resources
2014-09-17 20:29:38.908 Brady World[9399:70b] 

Started backup to iCloud! Please be careful.
Your application might rejected by Apple if you store too much data.
For more information please read "iOS Data Storage Guidelines"
You could find it at the following address https://developer.apple.com/icloud/documentation/data-storage/ .

2014-09-17 20:29:39.068 Brady World[9399:70b] Resetting plugins due to page load.
2014-09-17 20:29:39.119 Brady World[9399:70b] Finished load of: file:///Users/bradylewis/Library/Application%20Support/iPhone%20Simulator/7.1/Applications/0BE43F3B-AA56-4BA6-9025-E233B28825ED/Brady%20World.app/www/index.html
2014-09-17 20:29:43.007 Brady World[9399:70b] Resetting plugins due to page load.
2014-09-17 20:29:43.018 Brady World[9399:70b] Finished load of: file:///Users/bradylewis/Library/Application%20Support/iPhone%20Simulator/7.1/Applications/0BE43F3B-AA56-4BA6-9025-E233B28825ED/Brady%20World.app/www/education.html
2014-09-17 20:31:15.740 Brady World[9519:70b] Multi-tasking -> Device: YES, App: YES
2014-09-17 20:31:15.752 Brady World[9519:70b] Unlimited access to network resources
2014-09-17 20:31:15.755 Brady World[9519:70b] 

Started backup to iCloud! Please be careful.
Your application might rejected by Apple if you store too much data.
For more information please read "iOS Data Storage Guidelines"
You could find it at the following address https://developer.apple.com/icloud/documentation/data-storage/ .

2014-09-17 20:31:15.908 Brady World[9519:70b] Resetting plugins due to page load.
2014-09-17 20:31:15.963 Brady World[9519:70b] Finished load of: file:///Users/bradylewis/Library/Application%20Support/iPhone%20Simulator/7.1/Applications/0BE43F3B-AA56-4BA6-9025-E233B28825ED/Brady%20World.app/www/index.html
2014-09-17 20:31:17.962 Brady World[9519:70b] Resetting plugins due to page load.
2014-09-17 20:31:17.971 Brady World[9519:70b] Finished load of: file:///Users/bradylewis/Library/Application%20Support/iPhone%20Simulator/7.1/Applications/0BE43F3B-AA56-4BA6-9025-E233B28825ED/Brady%20World.app/www/education.html
2014-09-17 20:33:42.995 Brady World[9636:70b] Multi-tasking -> Device: YES, App: YES
2014-09-17 20:33:43.006 Brady World[9636:70b] Unlimited access to network resources
2014-09-17 20:33:43.010 Brady World[9636:70b] 

Started backup to iCloud! Please be careful.
Your application might rejected by Apple if you store too much data.
For more information please read "iOS Data Storage Guidelines"
You could find it at the following address https://developer.apple.com/icloud/documentation/data-storage/ .

2014-09-17 20:33:43.175 Brady World[9636:70b] Resetting plugins due to page load.
2014-09-17 20:33:43.238 Brady World[9636:70b] Finished load of: file:///Users/bradylewis/Library/Application%20Support/iPhone%20Simulator/7.1/Applications/0BE43F3B-AA56-4BA6-9025-E233B28825ED/Brady%20World.app/www/index.html
2014-09-17 20:33:45.221 Brady World[9636:70b] Resetting plugins due to page load.
2014-09-17 20:33:45.231 Brady World[9636:70b] Finished load of: file:///Users/bradylewis/Library/Application%20Support/iPhone%20Simulator/7.1/Applications/0BE43F3B-AA56-4BA6-9025-E233B28825ED/Brady%20World.app/www/family.html
2014-09-17 20:33:46.255 Brady World[9636:70b] Resetting plugins due to page load.
2014-09-17 20:33:46.263 Brady World[9636:70b] Finished load of: file:///Users/bradylewis/Library/Application%20Support/iPhone%20Simulator/7.1/Applications/0BE43F3B-AA56-4BA6-9025-E233B28825ED/Brady%20World.app/www/education.html
2014-09-17 20:34:41.232 Brady World[9749:70b] Multi-tasking -> Device: YES, App: YES
2014-09-17 20:34:41.243 Brady World[9749:70b] Unlimited access to network resources
2014-09-17 20:34:41.247 Brady World[9749:70b] 

Started backup to iCloud! Please be careful.
Your application might rejected by Apple if you store too much data.
For more information please read "iOS Data Storage Guidelines"
You could find it at the following address https://developer.apple.com/icloud/documentation/data-storage/ .

2014-09-17 20:34:41.418 Brady World[9749:70b] Resetting plugins due to page load.
2014-09-17 20:34:41.472 Brady World[9749:70b] Finished load of: file:///Users/bradylewis/Library/Application%20Support/iPhone%20Simulator/7.1/Applications/0BE43F3B-AA56-4BA6-9025-E233B28825ED/Brady%20World.app/www/index.html
2014-09-17 20:34:44.062 Brady World[9749:70b] Resetting plugins due to page load.
2014-09-17 20:34:44.072 Brady World[9749:70b] Finished load of: file:///Users/bradylewis/Library/Application%20Support/iPhone%20Simulator/7.1/Applications/0BE43F3B-AA56-4BA6-9025-E233B28825ED/Brady%20World.app/www/education.html
2014-09-17 20:35:24.174 Brady World[9859:70b] Multi-tasking -> Device: YES, App: YES
2014-09-17 20:35:24.185 Brady World[9859:70b] Unlimited access to network resources
2014-09-17 20:35:24.191 Brady World[9859:70b] 

Started backup to iCloud! Please be careful.
Your application might rejected by Apple if you store too much data.
For more information please read "iOS Data Storage Guidelines"
You could find it at the following address https://developer.apple.com/icloud/documentation/data-storage/ .

2014-09-17 20:35:24.355 Brady World[9859:70b] Resetting plugins due to page load.
2014-09-17 20:35:24.412 Brady World[9859:70b] Finished load of: file:///Users/bradylewis/Library/Application%20Support/iPhone%20Simulator/7.1/Applications/0BE43F3B-AA56-4BA6-9025-E233B28825ED/Brady%20World.app/www/index.html
2014-09-17 20:35:25.549 Brady World[9859:70b] Resetting plugins due to page load.
2014-09-17 20:35:25.559 Brady World[9859:70b] Finished load of: file:///Users/bradylewis/Library/Application%20Support/iPhone%20Simulator/7.1/Applications/0BE43F3B-AA56-4BA6-9025-E233B28825ED/Brady%20World.app/www/education.html
2014-09-17 20:43:17.104 Brady World[9985:70b] Multi-tasking -> Device: YES, App: YES
2014-09-17 20:43:17.120 Brady World[9985:70b] Unlimited access to network resources
2014-09-17 20:43:17.124 Brady World[9985:70b] 

Started backup to iCloud! Please be careful.
Your application might rejected by Apple if you store too much data.
For more information please read "iOS Data Storage Guidelines"
You could find it at the following address https://developer.apple.com/icloud/documentation/data-storage/ .

2014-09-17 20:43:17.286 Brady World[9985:70b] Resetting plugins due to page load.
2014-09-17 20:43:17.377 Brady World[9985:70b] Finished load of: file:///Users/bradylewis/Library/Application%20Support/iPhone%20Simulator/7.1/Applications/0BE43F3B-AA56-4BA6-9025-E233B28825ED/Brady%20World.app/www/index.html
2014-09-17 20:43:19.867 Brady World[9985:70b] Resetting plugins due to page load.
2014-09-17 20:43:19.879 Brady World[9985:70b] Finished load of: file:///Users/bradylewis/Library/Application%20Support/iPhone%20Simulator/7.1/Applications/0BE43F3B-AA56-4BA6-9025-E233B28825ED/Brady%20World.app/www/education.html
2014-09-17 20:43:22.631 Brady World[9985:70b] Resetting plugins due to page load.
2014-09-17 20:43:22.643 Brady World[9985:70b] Finished load of: file:///Users/bradylewis/Library/Application%20Support/iPhone%20Simulator/7.1/Applications/0BE43F3B-AA56-4BA6-9025-E233B28825ED/Brady%20World.app/www/family.html
2014-09-17 20:43:23.793 Brady World[9985:70b] Resetting plugins due to page load.
2014-09-17 20:43:23.805 Brady World[9985:70b] Finished load of: file:///Users/bradylewis/Library/Application%20Support/iPhone%20Simulator/7.1/Applications/0BE43F3B-AA56-4BA6-9025-E233B28825ED/Brady%20World.app/www/childhood.html
2014-09-17 20:43:24.812 Brady World[9985:70b] Resetting plugins due to page load.
2014-09-17 20:43:24.823 Brady World[9985:70b] Finished load of: file:///Users/bradylewis/Library/Application%20Support/iPhone%20Simulator/7.1/Applications/0BE43F3B-AA56-4BA6-9025-E233B28825ED/Brady%20World.app/www/education.html
2014-09-17 20:43:25.641 Brady World[9985:70b] Resetting plugins due to page load.
2014-09-17 20:43:25.651 Brady World[9985:70b] Finished load of: file:///Users/bradylewis/Library/Application%20Support/iPhone%20Simulator/7.1/Applications/0BE43F3B-AA56-4BA6-9025-E233B28825ED/Brady%20World.app/www/contact.html
2014-09-17 20:43:55.227 Brady World[10099:70b] Multi-tasking -> Device: YES, App: YES
2014-09-17 20:43:55.238 Brady World[10099:70b] Unlimited access to network resources
2014-09-17 20:43:55.242 Brady World[10099:70b] 

Started backup to iCloud! Please be careful.
Your application might rejected by Apple if you store too much data.
For more information please read "iOS Data Storage Guidelines"
You could find it at the following address https://developer.apple.com/icloud/documentation/data-storage/ .

2014-09-17 20:43:55.408 Brady World[10099:70b] Resetting plugins due to page load.
2014-09-17 20:43:55.460 Brady World[10099:70b] Finished load of: file:///Users/bradylewis/Library/Application%20Support/iPhone%20Simulator/7.1/Applications/0BE43F3B-AA56-4BA6-9025-E233B28825ED/Brady%20World.app/www/index.html
2014-09-17 20:44:01.744 Brady World[10099:70b] Resetting plugins due to page load.
2014-09-17 20:44:01.755 Brady World[10099:70b] Finished load of: file:///Users/bradylewis/Library/Application%20Support/iPhone%20Simulator/7.1/Applications/0BE43F3B-AA56-4BA6-9025-E233B28825ED/Brady%20World.app/www/contact.html
Terminating in response to SpringBoard's termination.
2014-09-17 20:44:31.699 Brady World[10210:70b] Multi-tasking -> Device: YES, App: YES
2014-09-17 20:44:31.710 Brady World[10210:70b] Unlimited access to network resources
2014-09-17 20:44:31.714 Brady World[10210:70b] 

Started backup to iCloud! Please be careful.
Your application might rejected by Apple if you store too much data.
For more information please read "iOS Data Storage Guidelines"
You could find it at the following address https://developer.apple.com/icloud/documentation/data-storage/ .

2014-09-17 20:44:31.867 Brady World[10210:70b] Resetting plugins due to page load.
2014-09-17 20:44:31.917 Brady World[10210:70b] Finished load of: file:///Users/bradylewis/Library/Application%20Support/iPhone%20Simulator/7.1/Applications/0BE43F3B-AA56-4BA6-9025-E233B28825ED/Brady%20World.app/www/index.html
2014-09-17 20:44:33.593 Brady World[10210:70b] Resetting plugins due to page load.
2014-09-17 20:44:33.608 Brady World[10210:70b] Finished load of: file:///Users/bradylewis/Library/Application%20Support/iPhone%20Simulator/7.1/Applications/0BE43F3B-AA56-4BA6-9025-E233B28825ED/Brady%20World.app/www/contact.html
2014-09-17 20:45:02.928 Brady World[10323:70b] Multi-tasking -> Device: YES, App: YES
2014-09-17 20:45:02.940 Brady World[10323:70b] Unlimited access to network resources
2014-09-17 20:45:02.944 Brady World[10323:70b] 

Started backup to iCloud! Please be careful.
Your application might rejected by Apple if you store too much data.
For more information please read "iOS Data Storage Guidelines"
You could find it at the following address https://developer.apple.com/icloud/documentation/data-storage/ .

2014-09-17 20:45:03.104 Brady World[10323:70b] Resetting plugins due to page load.
2014-09-17 20:45:03.153 Brady World[10323:70b] Finished load of: file:///Users/bradylewis/Library/Application%20Support/iPhone%20Simulator/7.1/Applications/0BE43F3B-AA56-4BA6-9025-E233B28825ED/Brady%20World.app/www/index.html
2014-09-17 20:45:06.028 Brady World[10323:70b] Resetting plugins due to page load.
2014-09-17 20:45:06.038 Brady World[10323:70b] Finished load of: file:///Users/bradylewis/Library/Application%20Support/iPhone%20Simulator/7.1/Applications/0BE43F3B-AA56-4BA6-9025-E233B28825ED/Brady%20World.app/www/contact.html
2014-09-17 20:48:14.455 Brady World[10447:70b] Multi-tasking -> Device: YES, App: YES
2014-09-17 20:48:14.466 Brady World[10447:70b] Unlimited access to network resources
2014-09-17 20:48:14.469 Brady World[10447:70b] 

Started backup to iCloud! Please be careful.
Your application might rejected by Apple if you store too much data.
For more information please read "iOS Data Storage Guidelines"
You could find it at the following address https://developer.apple.com/icloud/documentation/data-storage/ .

2014-09-17 20:48:14.659 Brady World[10447:70b] Resetting plugins due to page load.
2014-09-17 20:48:14.714 Brady World[10447:70b] Finished load of: file:///Users/bradylewis/Library/Application%20Support/iPhone%20Simulator/7.1/Applications/0BE43F3B-AA56-4BA6-9025-E233B28825ED/Brady%20World.app/www/index.html
2014-09-17 20:48:17.209 Brady World[10447:70b] Resetting plugins due to page load.
2014-09-17 20:48:17.222 Brady World[10447:70b] Finished load of: file:///Users/bradylewis/Library/Application%20Support/iPhone%20Simulator/7.1/Applications/0BE43F3B-AA56-4BA6-9025-E233B28825ED/Brady%20World.app/www/contact.html
2014-09-17 20:49:05.059 Brady World[10558:70b] Multi-tasking -> Device: YES, App: YES
2014-09-17 20:49:05.068 Brady World[10558:70b] Unlimited access to network resources
2014-09-17 20:49:05.071 Brady World[10558:70b] 

Started backup to iCloud! Please be careful.
Your application might rejected by Apple if you store too much data.
For more information please read "iOS Data Storage Guidelines"
You could find it at the following address https://developer.apple.com/icloud/documentation/data-storage/ .

2014-09-17 20:49:05.220 Brady World[10558:70b] Resetting plugins due to page load.
2014-09-17 20:49:05.269 Brady World[10558:70b] Finished load of: file:///Users/bradylewis/Library/Application%20Support/iPhone%20Simulator/7.1/Applications/0BE43F3B-AA56-4BA6-9025-E233B28825ED/Brady%20World.app/www/index.html
2014-09-17 20:49:37.456 Brady World[10558:70b] Resetting plugins due to page load.
2014-09-17 20:49:37.468 Brady World[10558:70b] Finished load of: file:///Users/bradylewis/Library/Application%20Support/iPhone%20Simulator/7.1/Applications/0BE43F3B-AA56-4BA6-9025-E233B28825ED/Brady%20World.app/www/contact.html
2014-09-17 20:50:12.134 Brady World[10670:70b] Multi-tasking -> Device: YES, App: YES
2014-09-17 20:50:12.145 Brady World[10670:70b] Unlimited access to network resources
2014-09-17 20:50:12.149 Brady World[10670:70b] 

Started backup to iCloud! Please be careful.
Your application might rejected by Apple if you store too much data.
For more information please read "iOS Data Storage Guidelines"
You could find it at the following address https://developer.apple.com/icloud/documentation/data-storage/ .

2014-09-17 20:50:12.306 Brady World[10670:70b] Resetting plugins due to page load.
2014-09-17 20:50:12.366 Brady World[10670:70b] Finished load of: file:///Users/bradylewis/Library/Application%20Support/iPhone%20Simulator/7.1/Applications/0BE43F3B-AA56-4BA6-9025-E233B28825ED/Brady%20World.app/www/index.html
2014-09-17 20:50:14.173 Brady World[10670:70b] Resetting plugins due to page load.
2014-09-17 20:50:14.183 Brady World[10670:70b] Finished load of: file:///Users/bradylewis/Library/Application%20Support/iPhone%20Simulator/7.1/Applications/0BE43F3B-AA56-4BA6-9025-E233B28825ED/Brady%20World.app/www/contact.html
